<?xml version="1.0" encoding="UTF-8"?>
<!-- Generated by org.testng.reporters.JUnitReportReporter -->
<testsuite hostname="LAPTOP-98HTIH2R" failures="0" tests="1" name="TransactionsAddAssetsTest" time="0.005" errors="0" timestamp="2022-04-13T22:24:04 CEST" skipped="0">
  <testcase classname="TransactionsAddAssetsTest" name="TransactionsAddAssetsTest_addandsumcorrectly" time="0.005"/>
  <system-out/>
</testsuite> <!-- TransactionsAddAssetsTest -->
