<?xml version="1.0" encoding="UTF-8"?>
<!-- Generated by org.testng.reporters.JUnitReportReporter -->
<testsuite hostname="LAPTOP-98HTIH2R" failures="0" tests="1" name="TransactionsOutOfAssetsTest" time="0.000" errors="0" timestamp="2022-04-13T22:24:04 CEST" skipped="0">
  <testcase classname="TransactionsOutOfAssetsTest" name="outofassetstest" time="0.000"/>
  <system-out/>
</testsuite> <!-- TransactionsOutOfAssetsTest -->
