<?xml version="1.0" encoding="UTF-8"?>
<!-- Generated by org.testng.reporters.JUnitReportReporter -->
<testsuite hostname="LAPTOP-98HTIH2R" failures="0" tests="2" name="UserPortfolioWithdrawFundsTest" time="0.002" errors="0" timestamp="2022-04-13T22:24:04 CEST" skipped="0">
  <testcase classname="UserPortfolioWithdrawFundsTest" name="UserPortfolioWithdrawFundsTest_NotEnoughFundsTest" time="0.001"/>
  <system-out/>
  <testcase classname="UserPortfolioWithdrawFundsTest" name="UserPortfolioWithdrawFundsTest_EnoughFundsTest" time="0.001"/>
  <system-out/>
</testsuite> <!-- UserPortfolioWithdrawFundsTest -->
