<?xml version="1.0" encoding="UTF-8"?>
<!-- Generated by org.testng.reporters.JUnitReportReporter -->
<testsuite hostname="LAPTOP-98HTIH2R" failures="0" tests="3" name="UserPortfolioGetAssetInformationTest" time="2.192" errors="0" timestamp="2022-04-13T22:24:04 CEST" skipped="0">
  <testcase classname="UserPortfolioGetAssetInformationTest" name="getGetAssetInformation_WithValidSymbol_WithListGreaterThanTen_ReturnsPopulatedList" time="0.753"/>
  <system-out/>
  <testcase classname="UserPortfolioGetAssetInformationTest" name="getGetAssetInformation_WithValidSymbol_ReturnsPopulatedList" time="0.304"/>
  <system-out/>
  <testcase classname="UserPortfolioGetAssetInformationTest" name="getGetAssetInformation_WithInvalidSymbol_ReturnsEmptyList" time="1.135"/>
  <system-out/>
</testsuite> <!-- UserPortfolioGetAssetInformationTest -->
