<?xml version="1.0" encoding="UTF-8"?>
<!-- Generated by org.testng.reporters.JUnitReportReporter -->
<testsuite hostname="LAPTOP-98HTIH2R" failures="0" tests="2" name="UserPortfolioGetExchangeSummaryTest" time="1.071" errors="0" timestamp="2022-04-13T22:24:04 CEST" skipped="0">
  <testcase classname="UserPortfolioGetExchangeSummaryTest" name="getExchangeSummary_WithInvalidRegion_ReturnsExchangeNameList" time="0.511"/>
  <system-out/>
  <testcase classname="UserPortfolioGetExchangeSummaryTest" name="getExchangeSummary_WithValidRegion_ReturnsExchangeNameList" time="0.560"/>
  <system-out/>
</testsuite> <!-- UserPortfolioGetExchangeSummaryTest -->
