<?xml version="1.0" encoding="UTF-8"?>
<!-- Generated by org.testng.reporters.JUnitReportReporter -->
<testsuite hostname="LAPTOP-98HTIH2R" failures="0" tests="1" name="BasicUITest" time="0.006" errors="0" timestamp="2022-04-13T22:24:04 CEST" skipped="0">
  <testcase classname="BasicUITest" name="testEnterFundsAmount" time="0.006"/>
  <system-out/>
</testsuite> <!-- BasicUITest -->
