<?xml version="1.0" encoding="UTF-8"?>
<!-- Generated by org.testng.reporters.JUnitReportReporter -->
<testsuite hostname="LAPTOP-98HTIH2R" failures="0" tests="2" name="UserPortfolioGetTrendingStocksTest" time="0.713" errors="0" timestamp="2022-04-13T22:24:04 CEST" skipped="0">
  <testcase classname="UserPortfolioGetTrendingStocksTest" name="getTrendingStocks_WithValidRegion_ReturnsPopulatedList" time="0.713"/>
  <system-out/>
  <testcase classname="UserPortfolioGetTrendingStocksTest" name="getTrendingStocks_WithInvalidRegion_ReturnsEmptyList" time="0.000"/>
  <system-out/>
</testsuite> <!-- UserPortfolioGetTrendingStocksTest -->
