<?xml version="1.0" encoding="UTF-8"?>
<!-- Generated by org.testng.reporters.JUnitReportReporter -->
<testsuite hostname="LAPTOP-98HTIH2R" failures="0" tests="2" name="UserPortfolioAddFundsTest" time="0.014" errors="0" timestamp="2022-04-13T22:24:04 CEST" skipped="0">
  <testcase classname="UserPortfolioAddFundsTest" name="testAddFunds_FundsAddedIncorrectly" time="0.002"/>
  <system-out/>
  <testcase classname="UserPortfolioAddFundsTest" name="testAddFunds_FundsAddedCorrectly" time="0.012"/>
  <system-out/>
</testsuite> <!-- UserPortfolioAddFundsTest -->
