<?xml version="1.0" encoding="UTF-8"?>
<testsuite name="UserPortfolioGetAssetInformationTest" tests="3" skipped="0" failures="0" errors="0" timestamp="2022-04-13T20:23:58" hostname="LAPTOP-98HTIH2R" time="2.194">
  <properties/>
  <testcase name="getGetAssetInformation_WithInvalidSymbol_ReturnsEmptyList" classname="UserPortfolioGetAssetInformationTest" time="1.135"/>
  <testcase name="getGetAssetInformation_WithValidSymbol_ReturnsPopulatedList" classname="UserPortfolioGetAssetInformationTest" time="0.304"/>
  <testcase name="getGetAssetInformation_WithValidSymbol_WithListGreaterThanTen_ReturnsPopulatedList" classname="UserPortfolioGetAssetInformationTest" time="0.753"/>
  <system-out><![CDATA[]]></system-out>
  <system-err><![CDATA[]]></system-err>
</testsuite>
