<?xml version="1.0" encoding="UTF-8"?>
<testsuite name="UserPortfolioGetExchangeSummaryTest" tests="2" skipped="0" failures="0" errors="0" timestamp="2022-04-13T20:24:00" hostname="LAPTOP-98HTIH2R" time="1.072">
  <properties/>
  <testcase name="getExchangeSummary_WithInvalidRegion_ReturnsExchangeNameList" classname="UserPortfolioGetExchangeSummaryTest" time="0.511"/>
  <testcase name="getExchangeSummary_WithValidRegion_ReturnsExchangeNameList" classname="UserPortfolioGetExchangeSummaryTest" time="0.56"/>
  <system-out><![CDATA[
List of Exchanges operating in uas region.

List of Exchanges operating in AU region.
1. Exchange full name: ASX
    Exchange Symbol: ^AORD
]]></system-out>
  <system-err><![CDATA[]]></system-err>
</testsuite>
