<?xml version="1.0" encoding="UTF-8"?>
<testsuite name="UserPortfolioGetTrendingStocksTest" tests="2" skipped="0" failures="0" errors="0" timestamp="2022-04-13T20:24:01" hostname="LAPTOP-98HTIH2R" time="0.713">
  <properties/>
  <testcase name="getTrendingStocks_WithInvalidRegion_ReturnsEmptyList" classname="UserPortfolioGetTrendingStocksTest" time="0.0"/>
  <testcase name="getTrendingStocks_WithValidRegion_ReturnsPopulatedList" classname="UserPortfolioGetTrendingStocksTest" time="0.713"/>
  <system-out><![CDATA[]]></system-out>
  <system-err><![CDATA[]]></system-err>
</testsuite>
